------Start of DE processing------ = [27/04/2021 11:32:36:397 BRT]
Exception = org.jboss.weld.exceptions.DeploymentException
Source = com.ibm.ws.container.service.state.internal.ApplicationStateManager
probeid = 54
Stack Dump = org.jboss.weld.exceptions.DeploymentException: WELD-001408: Unsatisfied dependencies for type PessoaServiceImpl with qualifiers @Default
  at injection point [BackedAnnotatedField] @Inject private com.hscastro.PessoaResource.service
  at com.hscastro.PessoaResource.service(PessoaResource.java:0)

	at org.jboss.weld.bootstrap.Validator.validateInjectionPointForDeploymentProblems(Validator.java:378)
	at org.jboss.weld.bootstrap.Validator.validateInjectionPoint(Validator.java:290)
	at org.jboss.weld.bootstrap.Validator.validateProducer(Validator.java:425)
	at org.jboss.weld.bootstrap.ConcurrentValidator$6.doWork(ConcurrentValidator.java:130)
	at org.jboss.weld.bootstrap.ConcurrentValidator$6.doWork(ConcurrentValidator.java:128)
	at org.jboss.weld.executor.IterativeWorkerTaskFactory$1.call(IterativeWorkerTaskFactory.java:62)
	at org.jboss.weld.executor.IterativeWorkerTaskFactory$1.call(IterativeWorkerTaskFactory.java:55)
	at java.base/java.util.concurrent.FutureTask.run(FutureTask.java:264)
	at java.base/java.util.concurrent.ThreadPoolExecutor.runWorker(ThreadPoolExecutor.java:1128)
	at java.base/java.util.concurrent.ThreadPoolExecutor$Worker.run(ThreadPoolExecutor.java:628)
	at java.base/java.lang.Thread.run(Thread.java:834)

Dump of callerThis
Object type = com.ibm.ws.container.service.state.internal.ApplicationStateManager
  serialVersionUID = -6685368059484454124
  $$$tc$$$ = class com.ibm.websphere.ras.TraceComponent@6a71afa
    strings[0] = "TraceComponent[com.ibm.ws.container.service.state.internal.ApplicationStateManager,class com.ibm.ws.container.service.state.internal.ApplicationStateManager,[Runtime],null,null]"
  listeners = class com.ibm.wsspi.kernel.service.utils.ConcurrentServiceReferenceSet@17359967
    referenceName = "applicationStateListeners"
    contextRef = class java.util.concurrent.atomic.AtomicReference@6fb35b21
      serialVersionUID = "/* Could not access serialVersionUID */"
      VALUE = "/* Could not access VALUE */"
      value = "/* Could not access value */"
    elementMap = class java.util.LinkedHashMap@7e5d69a7
      serialVersionUID = "/* Could not access serialVersionUID */"
      head = "/* Could not access head */"
      tail = "/* Could not access tail */"
      accessOrder = "/* Could not access accessOrder */"
      serialVersionUID = "/* Could not access serialVersionUID */"
      DEFAULT_INITIAL_CAPACITY = "/* Could not access DEFAULT_INITIAL_CAPACITY */"
      MAXIMUM_CAPACITY = "/* Could not access MAXIMUM_CAPACITY */"
      DEFAULT_LOAD_FACTOR = "/* Could not access DEFAULT_LOAD_FACTOR */"
      TREEIFY_THRESHOLD = "/* Could not access TREEIFY_THRESHOLD */"
      UNTREEIFY_THRESHOLD = "/* Could not access UNTREEIFY_THRESHOLD */"
      MIN_TREEIFY_CAPACITY = "/* Could not access MIN_TREEIFY_CAPACITY */"
      table = "/* Could not access table */"
      entrySet = "/* Could not access entrySet */"
      size = "/* Could not access size */"
      modCount = "/* Could not access modCount */"
      threshold = "/* Could not access threshold */"
      loadFactor = "/* Could not access loadFactor */"
      keySet = "/* Could not access keySet */"
      values = "/* Could not access values */"
    elementSet = class java.util.concurrent.ConcurrentSkipListSet@500effad
      serialVersionUID = "/* Could not access serialVersionUID */"
      m = "/* Could not access m */"
      MAX_ARRAY_SIZE = "/* Could not access MAX_ARRAY_SIZE */"
    elementSetUnsorted = false
    serialVersionUID = 756240983881166148
    $$$tc$$$ = class com.ibm.websphere.ras.TraceComponent@7841b13b
      strings[0] = "TraceComponent[com.ibm.wsspi.kernel.service.utils.ConcurrentServiceReferenceSet,class com.ibm.wsspi.kernel.service.utils.ConcurrentServiceReferenceSet,[kernelUtils],com.ibm.ws.kernel.service.utils.resources.ServiceMessages,null]"
  serialVersionUID = 2284273176985484160
  $$$tc$$$ = class com.ibm.websphere.ras.TraceComponent@7cd029cd
    strings[0] = "TraceComponent[com.ibm.ws.container.service.state.internal.StateChangeManager,class com.ibm.ws.container.service.state.internal.StateChangeManager,[Runtime],null,null]"

Dump of objectArray[0]
Object type = com.ibm.ws.container.service.app.deploy.internal.ApplicationInfoImpl
  appName = "microprofile-demo"
  appMetaData = class com.ibm.ws.container.service.app.deploy.internal.ApplicationMetaDataImpl@6bcbba6a
    j2eeName = class com.ibm.ws.container.service.metadata.internal.J2EENameImpl@2c85a91d
      serialVersionUID = 7488184044073147667
      application = "microprofile-demo"
      module = null
      component = null
      string = "microprofile-demo"
      j2eeNameBytes = null
      $$$tc$$$ = class com.ibm.websphere.ras.TraceComponent@79a15de
    serialVersionUID = -7906531148367236579
    $$$tc$$$ = class com.ibm.websphere.ras.TraceComponent@5b9c5620
      strings[0] = "TraceComponent[com.ibm.ws.container.service.app.deploy.internal.ApplicationMetaDataImpl,class com.ibm.ws.container.service.app.deploy.internal.ApplicationMetaDataImpl,[container.service],com.ibm.ws.container.service.resources.Messages,null]"
    tc = class com.ibm.websphere.ras.TraceComponent@2fa1cb26
      strings[0] = "TraceComponent[com.ibm.ws.runtime.metadata.MetaDataImpl,class com.ibm.ws.runtime.metadata.MetaDataImpl,[Runtime],null,null]"
    NUM_STATIC_SLOTS = 4
    ID_UNINITIALIZED = -1
    id = 0
    metaDataInterface = class java.lang.Class@5cce61af
      ANNOTATION = "/* Could not access ANNOTATION */"
      ENUM = "/* Could not access ENUM */"
      SYNTHETIC = "/* Could not access SYNTHETIC */"
      cachedConstructor = "/* Could not access cachedConstructor */"
      newInstanceCallerCache = "/* Could not access newInstanceCallerCache */"
      name = "/* Could not access name */"
      module = "/* Could not access module */"
      packageName = "/* Could not access packageName */"
      componentType = "/* Could not access componentType */"
      allPermDomain = "/* Could not access allPermDomain */"
      reflectionData = "/* Could not access reflectionData */"
      classRedefinedCount = "/* Could not access classRedefinedCount */"
      genericInfo = "/* Could not access genericInfo */"
      EMPTY_CLASS_ARRAY = "/* Could not access EMPTY_CLASS_ARRAY */"
      serialVersionUID = "/* Could not access serialVersionUID */"
      serialPersistentFields = "/* Could not access serialPersistentFields */"
      reflectionFactory = "/* Could not access reflectionFactory */"
      enumConstants = "/* Could not access enumConstants */"
      enumConstantDirectory = "/* Could not access enumConstantDirectory */"
      annotationData = "/* Could not access annotationData */"
      annotationType = "/* Could not access annotationType */"
      classValueMap = "/* Could not access classValueMap */"
    staticSlots = class java.lang.Object[4]
      Object[0] = "microprofile-demo"
      Object[1] = class com.ibm.ws.cdi.impl.weld.WebSphereCDIDeploymentImpl@2203c86b
      Object[2] = class com.ibm.ws.injectionengine.osgi.internal.OSGiInjectionScopeData@3ff25d9d
      Object[3] = null
    dynamicSlots = null
  appContainer = class com.ibm.ws.adaptable.module.internal.AdaptableContainerImpl@c0f3c84
    root = class com.ibm.ws.adaptable.module.internal.AdaptableContainerImpl@c0f3c84
    rootOverlay = class com.ibm.ws.artifact.overlay.internal.DirectoryBasedOverlayContainerImpl@52b3421a
      base = class com.ibm.ws.artifact.loose.internal.LooseArchive@572d1d92
      maskSet = class java.util.HashSet@4d8c8f61
      cfHolder = class com.ibm.ws.artifact.overlay.internal.OverlayContainerFactoryImpl@71f0562b
      fileOverlayContainer = class com.ibm.ws.artifact.file.internal.FileContainer@5cc3f33d
      overlayDirectory = class java.io.File@633db4ba
      cacheDirForOverlay = class java.io.File@4ae3c83b
      overlayNotifier = class com.ibm.ws.artifact.overlay.internal.DirectoryBasedOverlayNotifier@39518e42
      enclosingContainer = null
      entryInEnclosingContainer = null
      nestedOverlays = class java.util.concurrent.ConcurrentHashMap@7a48d84e
      cacheStore = class com.ibm.ws.artifact.overlay.internal.OverlayCache@745e3bd9
      parentOverlay = null
      isPassThroughMode = true
      serialVersionUID = -6650153487216279998
      $$$tc$$$ = class com.ibm.websphere.ras.TraceComponent@5dc285f5
    factoryHolder = class com.ibm.ws.adaptable.module.internal.AdaptableModuleFactoryImpl@20367cbf
      adapterFactoryService = class com.ibm.ws.adaptable.module.internal.AdapterFactoryServiceImpl@20a88779
      containerFactory = class com.ibm.ws.artifact.internal.ArtifactContainerFactoryService@15be3eb0
      overlayContainerFactory = class com.ibm.ws.artifact.overlay.internal.OverlayContainerFactoryImpl@71f0562b
      serialVersionUID = 4200251809856292987
      $$$tc$$$ = class com.ibm.websphere.ras.TraceComponent@61276931
    delegate = class com.ibm.ws.artifact.overlay.internal.DirectoryBasedOverlayContainerImpl@52b3421a
    notifier = class com.ibm.ws.adaptable.module.internal.NotifierImpl@25007fd0
      root = class com.ibm.ws.adaptable.module.internal.AdaptableContainerImpl@c0f3c84
      delegateNotifier = class com.ibm.ws.artifact.overlay.internal.DirectoryBasedOverlayNotifier@39518e42
      delegateRoot = class com.ibm.ws.artifact.overlay.internal.DirectoryBasedOverlayContainerImpl@52b3421a
      listenerDelegates = class java.util.HashMap@29881ee1
      serialVersionUID = 6839382523957017880
      $$$tc$$$ = class com.ibm.websphere.ras.TraceComponent@488714d6
    serialVersionUID = -5950528200509051684
    $$$tc$$$ = class com.ibm.websphere.ras.TraceComponent@4c829e4d
      strings[0] = "TraceComponent[com.ibm.ws.adaptable.module.internal.AdaptableContainerImpl,class com.ibm.ws.adaptable.module.internal.AdaptableContainerImpl,[archive.adaptable],null,null]"
  configHelper = class com.ibm.ws.app.manager.module.ApplicationNestedConfigHelper@1e549e61
    appInfo = class com.ibm.ws.app.manager.internal.ApplicationInstallInfo@bd1dc5d
    serialVersionUID = -3174031738676705046
    $$$tc$$$ = class com.ibm.websphere.ras.TraceComponent@51e94507
      strings[0] = "TraceComponent[com.ibm.ws.app.manager.module.ApplicationNestedConfigHelper,class com.ibm.ws.app.manager.module.ApplicationNestedConfigHelper,[applications, app.manager],null,null]"
  applicationInformation = class com.ibm.ws.app.manager.internal.ApplicationInstallInfo@bd1dc5d
    _config = class com.ibm.ws.app.manager.internal.ApplicationConfig@24ccf72c
      tc = class com.ibm.websphere.ras.TraceComponent@6540a5f9
      _configPid = "com.ibm.ws.app.manager_14"
      _config = class com.ibm.ws.config.admin.ConfigurationDictionary@2846a54b
      _applicationManager = class com.ibm.ws.app.manager.ApplicationManager@7773e891
      _location = "microprofile-demo.war"
      _type = "war"
      _name = "microprofile-demo"
      _notificationBroadcasterSupport = class javax.management.NotificationBroadcasterSupport@ee28b35
      ONE_TIME_JANDEX_MSGS_DISPLAYED = true
      serialVersionUID = -2151423388299667431
    _handlerInfo = class java.util.concurrent.atomic.AtomicReference@64d71e8e
      serialVersionUID = "/* Could not access serialVersionUID */"
      VALUE = "/* Could not access VALUE */"
      value = "/* Could not access value */"
    _container = class java.util.concurrent.atomic.AtomicReference@7797552f
      serialVersionUID = "/* Could not access serialVersionUID */"
      VALUE = "/* Could not access VALUE */"
      value = "/* Could not access value */"
    _resolvedLocation = class java.util.concurrent.atomic.AtomicReference@514f5af2
      serialVersionUID = "/* Could not access serialVersionUID */"
      VALUE = "/* Could not access VALUE */"
      value = "/* Could not access value */"
    _handler = class com.ibm.ws.app.manager.war.internal.WARApplicationHandlerImpl@1279b260
      futureMonitor = class com.ibm.ws.threading.internal.FutureMonitorImpl@188570f2
      deployedAppFactory = class com.ibm.ws.app.manager.war.internal.WARDeployedAppInfoFactoryImpl@4440bf7b
      serialVersionUID = 4622845147410944782
      $$$tc$$$ = class com.ibm.websphere.ras.TraceComponent@46ebdfec
    _ami = class java.util.concurrent.atomic.AtomicReference@4e06fdcf
      serialVersionUID = "/* Could not access serialVersionUID */"
      VALUE = "/* Could not access VALUE */"
      value = "/* Could not access value */"
    _updateHandler = class com.ibm.ws.app.manager.internal.statemachine.ApplicationStateMachineImpl@3f5e70d
      _tc = class com.ibm.websphere.ras.TraceComponent@48748ad1
      EMPTY_FUTURE_ARRAY = interface java.util.concurrent.Future[0]
      asmSequenceNumber = class java.util.concurrent.atomic.AtomicLong@2c8d78fa
      _qscaCounter = class java.util.concurrent.atomic.AtomicInteger@487aa15d
      _failedThrowable = null
      _interruptibleLock = class com.ibm.ws.app.manager.internal.statemachine.ApplicationStateMachineImpl$2@2cd55d5c
      _interruptible = false
      _performingQueuedActions = true
      _queuedActions = class java.util.concurrent.ConcurrentLinkedQueue@45432131
      _callbackState = class java.util.concurrent.atomic.AtomicReference@24ecbcb
      blockAppStartingFutures = class java.util.Collections$SetFromMap@1fa3f296
      waitingForAppHandlerFuture = class java.util.concurrent.atomic.AtomicReference@199a6383
      waitingForExplicitStartFuture = class java.util.concurrent.atomic.AtomicReference@458c9328
      startAfterFutures = class java.util.Collections$SetFromMap@31e808c1
      completionListener = class java.util.concurrent.atomic.AtomicReference@315f6b28
      _notifyAppStopped = class java.util.concurrent.ConcurrentLinkedQueue@7b9390fb
      _notifyAppStarting = class java.util.concurrent.ConcurrentLinkedQueue@5a275972
      _notifyAppInstallCalled = class java.util.concurrent.ConcurrentLinkedQueue@2b78ecf7
      _notifyAppStarted = class java.util.concurrent.ConcurrentLinkedQueue@61b4c49b
      _notifyAppRemoved = class java.util.concurrent.ConcurrentLinkedQueue@647841e
      _stateLock = class com.ibm.ws.app.manager.internal.statemachine.ApplicationStateMachineImpl$3@664ba16d
      _internalState = class java.util.concurrent.atomic.AtomicReference@ab8f607
      _currentAction = class java.util.concurrent.atomic.AtomicReference@4d6f7bd7
      _rfa = class java.util.concurrent.atomic.AtomicReference@77326110
      _appInstallInfo = class java.util.concurrent.atomic.AtomicReference@4cc9e652
      _update = class java.util.concurrent.atomic.AtomicBoolean@10c3902
      _appConfig = class java.util.concurrent.atomic.AtomicReference@378b4b37
      _nextAppConfig = class java.util.concurrent.atomic.AtomicReference@53559637
      _appContainer = class java.util.concurrent.atomic.AtomicReference@502d0179
      _resolvedLocation = class java.util.concurrent.atomic.AtomicReference@3089e657
      _handler = class java.util.concurrent.atomic.AtomicReference@5d36c182
      _asmSeqNo = 1
      _ctx = class org.eclipse.osgi.internal.framework.BundleContextImpl@3520557a
      _locAdmin = class com.ibm.ws.kernel.service.location.internal.WsLocationAdminImpl@1ab3ebd8
      _futureMonitor = class com.ibm.ws.threading.internal.FutureMonitorImpl@188570f2
      _artifactFactory = class com.ibm.ws.artifact.internal.ArtifactContainerFactoryService@15be3eb0
      _moduleFactory = class com.ibm.ws.adaptable.module.internal.AdaptableModuleFactoryImpl@20367cbf
      _executorService = class com.ibm.ws.threading.internal.ExecutorServiceImpl@497bc8f7
      _scheduledExecutorService = class com.ibm.ws.threading.internal.ScheduledExecutorImpl@5dc80af9
      _asmHelper = class com.ibm.ws.app.manager.internal.ApplicationConfigurator$NamedApplication@342292de
      _appMonitor = class com.ibm.ws.app.manager.internal.monitor.ApplicationMonitor@65770d87
      enterStateCalled = class java.util.concurrent.atomic.AtomicBoolean@ea6ea7a
      serialVersionUID = 7990273947104993494
      serialVersionUID = 300267208965883056
      $$$tc$$$ = class com.ibm.websphere.ras.TraceComponent@c689543
    serialVersionUID = 2630639237123415755
    $$$tc$$$ = class com.ibm.websphere.ras.TraceComponent@76b5f14f
      strings[0] = "TraceComponent[com.ibm.ws.app.manager.internal.ApplicationInstallInfo,class com.ibm.ws.app.manager.internal.ApplicationInstallInfo,[applications, app.manager],com.ibm.ws.app.manager.internal.resources.AppManagerMessages,null]"
  serialVersionUID = 5227817860647895780
  $$$tc$$$ = class com.ibm.websphere.ras.TraceComponent@8b61c04
    strings[0] = "TraceComponent[com.ibm.ws.container.service.app.deploy.internal.ApplicationInfoImpl,class com.ibm.ws.container.service.app.deploy.internal.ApplicationInfoImpl,[container.service],com.ibm.ws.container.service.resources.Messages,null]"

