------Start of DE processing------ = [27/04/2021 11:16:24:308 BRT]
Exception = java.lang.reflect.InvocationTargetException
Source = org.apache.cxf.jaxrs.lifecycle.PerRequestResourceProvider
probeid = 107
Stack Dump = java.lang.reflect.InvocationTargetException
	at jdk.internal.reflect.GeneratedConstructorAccessor2011.newInstance(Unknown Source)
	at java.base/java.lang.reflect.Constructor.newInstance(Constructor.java:490)
	at org.apache.cxf.jaxrs.lifecycle.PerRequestResourceProvider.createInstance(PerRequestResourceProvider.java:94)
	at org.apache.cxf.jaxrs.lifecycle.PerRequestResourceProvider.getInstance(PerRequestResourceProvider.java:84)
	at org.apache.cxf.jaxrs.JAXRSInvoker.getServiceObject(JAXRSInvoker.java:393)
	at org.apache.cxf.jaxrs.JAXRSInvoker.invoke(JAXRSInvoker.java:98)
	at org.apache.cxf.interceptor.ServiceInvokerInterceptor$1.run(ServiceInvokerInterceptor.java:61)
	at org.apache.cxf.interceptor.ServiceInvokerInterceptor.handleMessage(ServiceInvokerInterceptor.java:99)
	at org.apache.cxf.phase.PhaseInterceptorChain.doIntercept(PhaseInterceptorChain.java:309)
	at org.apache.cxf.transport.ChainInitiationObserver.onMessage(ChainInitiationObserver.java:124)
	at org.apache.cxf.transport.http.AbstractHTTPDestination.invoke(AbstractHTTPDestination.java:272)
	at com.ibm.ws.jaxrs20.endpoint.AbstractJaxRsWebEndpoint.invoke(AbstractJaxRsWebEndpoint.java:137)
	at com.ibm.websphere.jaxrs.server.IBMRestServlet.handleRequest(IBMRestServlet.java:146)
	at com.ibm.websphere.jaxrs.server.IBMRestServlet.doGet(IBMRestServlet.java:112)
	at javax.servlet.http.HttpServlet.service(HttpServlet.java:687)
	at com.ibm.websphere.jaxrs.server.IBMRestServlet.service(IBMRestServlet.java:96)
	at com.ibm.ws.webcontainer.servlet.ServletWrapper.service(ServletWrapper.java:1257)
	at com.ibm.ws.webcontainer.servlet.ServletWrapper.handleRequest(ServletWrapper.java:745)
	at com.ibm.ws.webcontainer.servlet.ServletWrapper.handleRequest(ServletWrapper.java:442)
	at com.ibm.ws.webcontainer.filter.WebAppFilterManager.invokeFilters(WebAppFilterManager.java:1226)
	at com.ibm.ws.webcontainer.webapp.WebApp.handleRequest(WebApp.java:5061)
	at com.ibm.ws.webcontainer.osgi.DynamicVirtualHost$2.handleRequest(DynamicVirtualHost.java:314)
	at com.ibm.ws.webcontainer.WebContainer.handleRequest(WebContainer.java:1006)
	at com.ibm.ws.webcontainer.osgi.DynamicVirtualHost$2.run(DynamicVirtualHost.java:279)
	at com.ibm.ws.http.dispatcher.internal.channel.HttpDispatcherLink$TaskWrapper.run(HttpDispatcherLink.java:1159)
	at com.ibm.ws.http.dispatcher.internal.channel.HttpDispatcherLink.wrapHandlerAndExecute(HttpDispatcherLink.java:428)
	at com.ibm.ws.http.dispatcher.internal.channel.HttpDispatcherLink.ready(HttpDispatcherLink.java:387)
	at com.ibm.ws.http.channel.internal.inbound.HttpInboundLink.handleDiscrimination(HttpInboundLink.java:566)
	at com.ibm.ws.http.channel.internal.inbound.HttpInboundLink.handleNewRequest(HttpInboundLink.java:500)
	at com.ibm.ws.http.channel.internal.inbound.HttpInboundLink.processRequest(HttpInboundLink.java:360)
	at com.ibm.ws.http.channel.internal.inbound.HttpInboundLink.ready(HttpInboundLink.java:327)
	at com.ibm.ws.tcpchannel.internal.NewConnectionInitialReadCallback.sendToDiscriminators(NewConnectionInitialReadCallback.java:167)
	at com.ibm.ws.tcpchannel.internal.NewConnectionInitialReadCallback.complete(NewConnectionInitialReadCallback.java:75)
	at com.ibm.ws.tcpchannel.internal.WorkQueueManager.requestComplete(WorkQueueManager.java:504)
	at com.ibm.ws.tcpchannel.internal.WorkQueueManager.attemptIO(WorkQueueManager.java:574)
	at com.ibm.ws.tcpchannel.internal.WorkQueueManager.workerRun(WorkQueueManager.java:958)
	at com.ibm.ws.tcpchannel.internal.WorkQueueManager$Worker.run(WorkQueueManager.java:1047)
	at com.ibm.ws.threading.internal.ExecutorServiceImpl$RunnableWrapper.run(ExecutorServiceImpl.java:238)
	at java.base/java.util.concurrent.ThreadPoolExecutor.runWorker(ThreadPoolExecutor.java:1128)
	at java.base/java.util.concurrent.ThreadPoolExecutor$Worker.run(ThreadPoolExecutor.java:628)
	at java.base/java.lang.Thread.run(Thread.java:834)
Caused by: java.lang.NullPointerException
	at com.hscastro.PessoaResource.<init>(PessoaResource.java:28)
	... 41 more

Dump of callerThis
Object type = org.apache.cxf.jaxrs.lifecycle.PerRequestResourceProvider
  c = class java.lang.reflect.Constructor@72c9e182
    clazz = "/* Could not access clazz */"
    slot = "/* Could not access slot */"
    parameterTypes = "/* Could not access parameterTypes */"
    exceptionTypes = "/* Could not access exceptionTypes */"
    modifiers = "/* Could not access modifiers */"
    signature = "/* Could not access signature */"
    genericInfo = "/* Could not access genericInfo */"
    annotations = "/* Could not access annotations */"
    parameterAnnotations = "/* Could not access parameterAnnotations */"
    constructorAccessor = "/* Could not access constructorAccessor */"
    root = "/* Could not access root */"
    hasRealParameterData = "/* Could not access hasRealParameterData */"
    parameters = "/* Could not access parameters */"
    declaredAnnotations = "/* Could not access declaredAnnotations */"
    override = "/* Could not access override */"
    reflectionFactory = "/* Could not access reflectionFactory */"
    securityCheckCache = "/* Could not access securityCheckCache */"
    printStackWhenAccessFails = "/* Could not access printStackWhenAccessFails */"
    printStackPropertiesSet = "/* Could not access printStackPropertiesSet */"
  postConstructMethod = null
  preDestroyMethod = null
  params = class java.lang.Class[0]
  anns = class [Ljava.lang.annotation.Annotation;[0]
  genericTypes = class java.lang.Class[0]
  serialVersionUID = 4330447189587368180
  $$$tc$$$ = class com.ibm.websphere.ras.TraceComponent@64364d83
    strings[0] = "TraceComponent[org.apache.cxf.jaxrs.lifecycle.PerRequestResourceProvider,class org.apache.cxf.jaxrs.lifecycle.PerRequestResourceProvider,[],null,null]"

Dump of objectArray[0]
Object type = org.apache.cxf.message.MessageImpl
  serialVersionUID = -3020763696429459865
  exchange = class org.apache.cxf.message.ExchangeImpl@32912376
    serialVersionUID = -3112077559217623594
    destination = class org.apache.cxf.transport.servlet.ServletDestination@371087ad
      LOG = class com.ibm.ws.logging.internal.WsLogger@25fb387d
      HTTP_REQUEST = "HTTP.REQUEST"
      HTTP_RESPONSE = "HTTP.RESPONSE"
      HTTP_CONTEXT = "HTTP.CONTEXT"
      HTTP_CONFIG = "HTTP.CONFIG"
      HTTP_CONTEXT_MATCH_STRATEGY = "HTTP_CONTEXT_MATCH_STRATEGY"
      RESPONSE_HEADERS_COPIED = "http.headers.copied"
      RESPONSE_COMMITED = "http.response.done"
      REQUEST_REDIRECTED = "http.request.redirected"
      CXF_CONTINUATION_MESSAGE = "cxf.continuation.message"
      CXF_ASYNC_CONTEXT = "cxf.async.context"
      SERVICE_REDIRECTION = "http.service.redirection"
      HTTP_BASE_PATH = "http.base.path"
      SSL_CIPHER_SUITE_ATTRIBUTE = "javax.servlet.request.cipher_suite"
      SSL_PEER_CERT_CHAIN_ATTRIBUTE = "javax.servlet.request.X509Certificate"
      DECODE_BASIC_AUTH_WITH_ISO8859 = "decode.basicauth.with.iso8859"
      tc = class com.ibm.websphere.ras.TraceComponent@5a521f31
      bus = class com.ibm.ws.jaxrs20.bus.LibertyApplicationBus@45b49e2f
      registry = class org.apache.cxf.transport.http.DestinationRegistryImpl@6f22a87a
      path = "/"
      serverPolicy = null
      contextMatchStrategy = "stem"
      fixedParameterOrder = false
      multiplexWithAddress = false
      certConstraints = null
      decodeBasicAuthWithIso8859 = false
      cproviderFactory = null
      enableWebSocket = false
      serverPolicyCalced = false
      serialVersionUID = -137146086541010707
      MULTIPLEX_ID_QNAME = class javax.xml.namespace.QName@33aef3c5
      reference = class org.apache.cxf.ws.addressing.EndpointReferenceType@5532bb6f
      endpointInfo = class org.apache.cxf.service.model.EndpointInfo@16389453
      bus = class com.ibm.ws.jaxrs20.bus.LibertyApplicationBus@45b49e2f
      incomingObserver = class org.apache.cxf.transport.ChainInitiationObserver@29764964
    oneWay = false
    synchronous = true
    inMessage = class org.apache.cxf.message.MessageImpl@40ecd856
    outMessage = null
    inFaultMessage = null
    outFaultMessage = null
    session = class org.apache.cxf.transport.http.HTTPSession@2335464d
      request = class com.ibm.ws.jaxrs20.server.JaxRsHttpServletRequestAdapter@693e2f61
      session = null
    bus = class com.ibm.ws.jaxrs20.bus.LibertyApplicationBus@45b49e2f
      busCounter = class java.util.concurrent.atomic.AtomicInteger@90dbd67
      serialVersionUID = 2386792285914827878
      $$$tc$$$ = class com.ibm.websphere.ras.TraceComponent@2fe6e2ea
      BUS_PROPERTY_NAME = "bus"
      FORCE_LOGGING = false
      FORCE_PRETTY = false
      BUS_ID_PROPERTY_NAME = "org.apache.cxf.bus.id"
      extensions = class java.util.concurrent.ConcurrentHashMap@305de66d
      missingExtensions = class java.util.concurrent.CopyOnWriteArraySet@42510454
      id = "microprofile-demo-Server-Bus"
      state = class org.apache.cxf.Bus$BusState@2d2a5b9e
      features = class java.util.concurrent.CopyOnWriteArrayList@49a82dd9
      properties = class java.util.concurrent.ConcurrentHashMap@1619d40f
      extensionManager = class org.apache.cxf.bus.extension.ExtensionManagerImpl@5c20013c
      in = class org.apache.cxf.common.util.ModCountCopyOnWriteArrayList@2329578d
      out = class org.apache.cxf.common.util.ModCountCopyOnWriteArrayList@2b6760d4
      outFault = class org.apache.cxf.common.util.ModCountCopyOnWriteArrayList@7306701b
      inFault = class org.apache.cxf.common.util.ModCountCopyOnWriteArrayList@2f73a6a6
    endpoint = class org.apache.cxf.endpoint.EndpointImpl@7734758f
      serialVersionUID = -7660560719050162091
      LOG = class com.ibm.ws.logging.internal.WsLogger@460f19fa
      BUNDLE = class java.util.PropertyResourceBundle@567eb02f
      service = class org.apache.cxf.jaxrs.JAXRSServiceImpl@442aa92b
      binding = class org.apache.cxf.jaxrs.JAXRSBinding@4d2498cd
      endpointInfo = class org.apache.cxf.service.model.EndpointInfo@16389453
      executor = null
      bus = class com.ibm.ws.jaxrs20.bus.LibertyApplicationBus@45b49e2f
      inFaultObserver = class org.apache.cxf.interceptor.InFaultChainInitiatorObserver@244c56a4
      outFaultObserver = class org.apache.cxf.interceptor.OutFaultChainInitiatorObserver@147e532f
      activeFeatures = null
      cleanupHooks = null
      serialVersionUID = -1915876045710441978
      in = class org.apache.cxf.common.util.ModCountCopyOnWriteArrayList@1ab24b1e
      out = class org.apache.cxf.common.util.ModCountCopyOnWriteArrayList@39ee6faf
      outFault = class org.apache.cxf.common.util.ModCountCopyOnWriteArrayList@6b26fecd
      inFault = class org.apache.cxf.common.util.ModCountCopyOnWriteArrayList@2d197c7b
      serialVersionUID = "/* Could not access serialVersionUID */"
      MAXIMUM_CAPACITY = "/* Could not access MAXIMUM_CAPACITY */"
      DEFAULT_CAPACITY = "/* Could not access DEFAULT_CAPACITY */"
      MAX_ARRAY_SIZE = "/* Could not access MAX_ARRAY_SIZE */"
      DEFAULT_CONCURRENCY_LEVEL = "/* Could not access DEFAULT_CONCURRENCY_LEVEL */"
      LOAD_FACTOR = "/* Could not access LOAD_FACTOR */"
      TREEIFY_THRESHOLD = "/* Could not access TREEIFY_THRESHOLD */"
      UNTREEIFY_THRESHOLD = "/* Could not access UNTREEIFY_THRESHOLD */"
      MIN_TREEIFY_CAPACITY = "/* Could not access MIN_TREEIFY_CAPACITY */"
      MIN_TRANSFER_STRIDE = "/* Could not access MIN_TRANSFER_STRIDE */"
      RESIZE_STAMP_BITS = "/* Could not access RESIZE_STAMP_BITS */"
      MAX_RESIZERS = "/* Could not access MAX_RESIZERS */"
      RESIZE_STAMP_SHIFT = "/* Could not access RESIZE_STAMP_SHIFT */"
      MOVED = "/* Could not access MOVED */"
      TREEBIN = "/* Could not access TREEBIN */"
      RESERVED = "/* Could not access RESERVED */"
      HASH_BITS = "/* Could not access HASH_BITS */"
      NCPU = "/* Could not access NCPU */"
      serialPersistentFields = "/* Could not access serialPersistentFields */"
      table = "/* Could not access table */"
      nextTable = "/* Could not access nextTable */"
      baseCount = "/* Could not access baseCount */"
      sizeCtl = "/* Could not access sizeCtl */"
      transferIndex = "/* Could not access transferIndex */"
      cellsBusy = "/* Could not access cellsBusy */"
      counterCells = "/* Could not access counterCells */"
      keySet = "/* Could not access keySet */"
      values = "/* Could not access values */"
      entrySet = "/* Could not access entrySet */"
      U = "/* Could not access U */"
      SIZECTL = "/* Could not access SIZECTL */"
      TRANSFERINDEX = "/* Could not access TRANSFERINDEX */"
      BASECOUNT = "/* Could not access BASECOUNT */"
      CELLSBUSY = "/* Could not access CELLSBUSY */"
      CELLVALUE = "/* Could not access CELLVALUE */"
      ABASE = "/* Could not access ABASE */"
      ASHIFT = "/* Could not access ASHIFT */"
      keySet = "/* Could not access keySet */"
      values = "/* Could not access values */"
    service = class org.apache.cxf.jaxrs.JAXRSServiceImpl@442aa92b
      serialVersionUID = 6765400202555126993
      classResourceInfos = class java.util.ArrayList@30c9795e
      dataBinding = null
      executor = null
      invoker = class com.ibm.ws.jaxrs20.server.LibertyJaxRsInvoker@28140d01
      endpoints = class java.util.HashMap@18b5690
      address = null
      createServiceModel = false
      serviceName = null
      $$$tc$$$ = class com.ibm.websphere.ras.TraceComponent@60905230
      serialVersionUID = -1915876045710441978
      in = class org.apache.cxf.common.util.ModCountCopyOnWriteArrayList@44fc8bb1
      out = class org.apache.cxf.common.util.ModCountCopyOnWriteArrayList@3f0409f9
      outFault = class org.apache.cxf.common.util.ModCountCopyOnWriteArrayList@37f0671d
      inFault = class org.apache.cxf.common.util.ModCountCopyOnWriteArrayList@6c9488a5
      serialVersionUID = "/* Could not access serialVersionUID */"
      MAXIMUM_CAPACITY = "/* Could not access MAXIMUM_CAPACITY */"
      DEFAULT_CAPACITY = "/* Could not access DEFAULT_CAPACITY */"
      MAX_ARRAY_SIZE = "/* Could not access MAX_ARRAY_SIZE */"
      DEFAULT_CONCURRENCY_LEVEL = "/* Could not access DEFAULT_CONCURRENCY_LEVEL */"
      LOAD_FACTOR = "/* Could not access LOAD_FACTOR */"
      TREEIFY_THRESHOLD = "/* Could not access TREEIFY_THRESHOLD */"
      UNTREEIFY_THRESHOLD = "/* Could not access UNTREEIFY_THRESHOLD */"
      MIN_TREEIFY_CAPACITY = "/* Could not access MIN_TREEIFY_CAPACITY */"
      MIN_TRANSFER_STRIDE = "/* Could not access MIN_TRANSFER_STRIDE */"
      RESIZE_STAMP_BITS = "/* Could not access RESIZE_STAMP_BITS */"
      MAX_RESIZERS = "/* Could not access MAX_RESIZERS */"
      RESIZE_STAMP_SHIFT = "/* Could not access RESIZE_STAMP_SHIFT */"
      MOVED = "/* Could not access MOVED */"
      TREEBIN = "/* Could not access TREEBIN */"
      RESERVED = "/* Could not access RESERVED */"
      HASH_BITS = "/* Could not access HASH_BITS */"
      NCPU = "/* Could not access NCPU */"
      serialPersistentFields = "/* Could not access serialPersistentFields */"
      table = "/* Could not access table */"
      nextTable = "/* Could not access nextTable */"
      baseCount = "/* Could not access baseCount */"
      sizeCtl = "/* Could not access sizeCtl */"
      transferIndex = "/* Could not access transferIndex */"
      cellsBusy = "/* Could not access cellsBusy */"
      counterCells = "/* Could not access counterCells */"
      keySet = "/* Could not access keySet */"
      values = "/* Could not access values */"
      entrySet = "/* Could not access entrySet */"
      U = "/* Could not access U */"
      SIZECTL = "/* Could not access SIZECTL */"
      TRANSFERINDEX = "/* Could not access TRANSFERINDEX */"
      BASECOUNT = "/* Could not access BASECOUNT */"
      CELLSBUSY = "/* Could not access CELLSBUSY */"
      CELLVALUE = "/* Could not access CELLVALUE */"
      ABASE = "/* Could not access ABASE */"
      ASHIFT = "/* Could not access ASHIFT */"
      keySet = "/* Could not access keySet */"
      values = "/* Could not access values */"
    binding = class org.apache.cxf.jaxrs.JAXRSBinding@4d2498cd
      bindingInfo = class org.apache.cxf.service.model.BindingInfo@6abe4a91
      in = class org.apache.cxf.common.util.ModCountCopyOnWriteArrayList@505dd7b1
      out = class org.apache.cxf.common.util.ModCountCopyOnWriteArrayList@39f104aa
      outFault = class org.apache.cxf.common.util.ModCountCopyOnWriteArrayList@2e83de9b
      inFault = class org.apache.cxf.common.util.ModCountCopyOnWriteArrayList@36f1f318
    bindingOp = null
    $$$tc$$$ = class com.ibm.websphere.ras.TraceComponent@2fac5d2d
      strings[0] = "TraceComponent[org.apache.cxf.message.ExchangeImpl,class org.apache.cxf.message.ExchangeImpl,[],null,null]"
    serialVersionUID = "/* Could not access serialVersionUID */"
    MAXIMUM_CAPACITY = "/* Could not access MAXIMUM_CAPACITY */"
    DEFAULT_CAPACITY = "/* Could not access DEFAULT_CAPACITY */"
    MAX_ARRAY_SIZE = "/* Could not access MAX_ARRAY_SIZE */"
    DEFAULT_CONCURRENCY_LEVEL = "/* Could not access DEFAULT_CONCURRENCY_LEVEL */"
    LOAD_FACTOR = "/* Could not access LOAD_FACTOR */"
    TREEIFY_THRESHOLD = "/* Could not access TREEIFY_THRESHOLD */"
    UNTREEIFY_THRESHOLD = "/* Could not access UNTREEIFY_THRESHOLD */"
    MIN_TREEIFY_CAPACITY = "/* Could not access MIN_TREEIFY_CAPACITY */"
    MIN_TRANSFER_STRIDE = "/* Could not access MIN_TRANSFER_STRIDE */"
    RESIZE_STAMP_BITS = "/* Could not access RESIZE_STAMP_BITS */"
    MAX_RESIZERS = "/* Could not access MAX_RESIZERS */"
    RESIZE_STAMP_SHIFT = "/* Could not access RESIZE_STAMP_SHIFT */"
    MOVED = "/* Could not access MOVED */"
    TREEBIN = "/* Could not access TREEBIN */"
    RESERVED = "/* Could not access RESERVED */"
    HASH_BITS = "/* Could not access HASH_BITS */"
    NCPU = "/* Could not access NCPU */"
    serialPersistentFields = "/* Could not access serialPersistentFields */"
    table = "/* Could not access table */"
    nextTable = "/* Could not access nextTable */"
    baseCount = "/* Could not access baseCount */"
    sizeCtl = "/* Could not access sizeCtl */"
    transferIndex = "/* Could not access transferIndex */"
    cellsBusy = "/* Could not access cellsBusy */"
    counterCells = "/* Could not access counterCells */"
    keySet = "/* Could not access keySet */"
    values = "/* Could not access values */"
    entrySet = "/* Could not access entrySet */"
    U = "/* Could not access U */"
    SIZECTL = "/* Could not access SIZECTL */"
    TRANSFERINDEX = "/* Could not access TRANSFERINDEX */"
    BASECOUNT = "/* Could not access BASECOUNT */"
    CELLSBUSY = "/* Could not access CELLSBUSY */"
    CELLVALUE = "/* Could not access CELLVALUE */"
    ABASE = "/* Could not access ABASE */"
    ASHIFT = "/* Could not access ASHIFT */"
    keySet = "/* Could not access keySet */"
    values = "/* Could not access values */"
  id = null
  interceptorChain = class org.apache.cxf.phase.PhaseInterceptorChain@7aaeac8a
    PREVIOUS_MESSAGE = "org.apache.cxf.phase.PhaseInterceptorChain.PREVIOUS_MESSAGE"
    LOG = class com.ibm.ws.logging.internal.WsLogger@5aefdcb6
      ivCachedResourceBundleName = null
      ivCachedResourceBundle = null
      ivComponent = null
      ivOrganization = null
      ivProduct = null
      ivMinimumLocalizationLevelIntValue = 625
      ivTC = class com.ibm.websphere.ras.TraceComponent@27e0b62d
      loggerRegistrationComponent = class java.lang.ThreadLocal@1656ff58
      emptyHandlers = "/* Could not access emptyHandlers */"
      offValue = "/* Could not access offValue */"
      SYSTEM_LOGGER_RB_NAME = "/* Could not access SYSTEM_LOGGER_RB_NAME */"
      SYSTEM_BUNDLE = "/* Could not access SYSTEM_BUNDLE */"
      NO_RESOURCE_BUNDLE = "/* Could not access NO_RESOURCE_BUNDLE */"
      config = "/* Could not access config */"
      manager = "/* Could not access manager */"
      name = "/* Could not access name */"
      loggerBundle = "/* Could not access loggerBundle */"
      anonymous = "/* Could not access anonymous */"
      catalog = "/* Could not access catalog */"
      catalogName = "/* Could not access catalogName */"
      catalogLocale = "/* Could not access catalogLocale */"
      treeLock = "/* Could not access treeLock */"
      parent = "/* Could not access parent */"
      kids = "/* Could not access kids */"
      callerModuleRef = "/* Could not access callerModuleRef */"
      isSystemLogger = "/* Could not access isSystemLogger */"
      GLOBAL_LOGGER_NAME = "global"
      global = class java.util.logging.Logger@5270c47
    CURRENT_MESSAGE = class java.lang.ThreadLocal@55aaf19d
      threadLocalHashCode = "/* Could not access threadLocalHashCode */"
      nextHashCode = "/* Could not access nextHashCode */"
      HASH_INCREMENT = "/* Could not access HASH_INCREMENT */"
    nameMap = class java.util.HashMap@26b27763
      serialVersionUID = "/* Could not access serialVersionUID */"
      DEFAULT_INITIAL_CAPACITY = "/* Could not access DEFAULT_INITIAL_CAPACITY */"
      MAXIMUM_CAPACITY = "/* Could not access MAXIMUM_CAPACITY */"
      DEFAULT_LOAD_FACTOR = "/* Could not access DEFAULT_LOAD_FACTOR */"
      TREEIFY_THRESHOLD = "/* Could not access TREEIFY_THRESHOLD */"
      UNTREEIFY_THRESHOLD = "/* Could not access UNTREEIFY_THRESHOLD */"
      MIN_TREEIFY_CAPACITY = "/* Could not access MIN_TREEIFY_CAPACITY */"
      table = "/* Could not access table */"
      entrySet = "/* Could not access entrySet */"
      size = "/* Could not access size */"
      modCount = "/* Could not access modCount */"
      threshold = "/* Could not access threshold */"
      loadFactor = "/* Could not access loadFactor */"
      keySet = "/* Could not access keySet */"
      values = "/* Could not access values */"
    phases = class org.apache.cxf.phase.Phase[19]
      Phase[0] = class org.apache.cxf.phase.Phase@145612e7
      Phase[1] = class org.apache.cxf.phase.Phase@1cadb2e9
      Phase[2] = class org.apache.cxf.phase.Phase@17231867
      Phase[3] = class org.apache.cxf.phase.Phase@1c7ab725
      Phase[4] = class org.apache.cxf.phase.Phase@381f5f67
      Phase[5] = class org.apache.cxf.phase.Phase@49548877
      Phase[6] = class org.apache.cxf.phase.Phase@46bb511a
      Phase[7] = class org.apache.cxf.phase.Phase@fb11577
      Phase[8] = class org.apache.cxf.phase.Phase@4d179781
      Phase[9] = class org.apache.cxf.phase.Phase@206db964
      Phase[10] = class org.apache.cxf.phase.Phase@3c420ff2
      Phase[11] = class org.apache.cxf.phase.Phase@3bdfbfa0
      Phase[12] = class org.apache.cxf.phase.Phase@4a859cc5
      Phase[13] = class org.apache.cxf.phase.Phase@76eaa68
      Phase[14] = class org.apache.cxf.phase.Phase@2b7f08e8
      Phase[15] = class org.apache.cxf.phase.Phase@6d1b9098
      Phase[16] = class org.apache.cxf.phase.Phase@b1e4a4a
      Phase[17] = class org.apache.cxf.phase.Phase@79519cab
      Phase[18] = class org.apache.cxf.phase.Phase@2abae321
    heads = class org.apache.cxf.phase.PhaseInterceptorChain$InterceptorHolder[19]
      InterceptorHolder[0] = null
      InterceptorHolder[1] = null
      InterceptorHolder[2] = null
      InterceptorHolder[3] = null
      InterceptorHolder[4] = null
      InterceptorHolder[5] = null
      InterceptorHolder[6] = null
      InterceptorHolder[7] = null
      InterceptorHolder[8] = null
      InterceptorHolder[9] = null
      InterceptorHolder[10] = null
      InterceptorHolder[11] = class org.apache.cxf.phase.PhaseInterceptorChain$InterceptorHolder@82f5a28
      InterceptorHolder[12] = null
      InterceptorHolder[13] = null
      InterceptorHolder[14] = null
      InterceptorHolder[15] = null
      InterceptorHolder[16] = null
      InterceptorHolder[17] = class org.apache.cxf.phase.PhaseInterceptorChain$InterceptorHolder@62216c9c
      InterceptorHolder[18] = class org.apache.cxf.phase.PhaseInterceptorChain$InterceptorHolder@176000b7
    tails = class org.apache.cxf.phase.PhaseInterceptorChain$InterceptorHolder[19]
      InterceptorHolder[0] = null
      InterceptorHolder[1] = null
      InterceptorHolder[2] = null
      InterceptorHolder[3] = null
      InterceptorHolder[4] = null
      InterceptorHolder[5] = null
      InterceptorHolder[6] = null
      InterceptorHolder[7] = null
      InterceptorHolder[8] = null
      InterceptorHolder[9] = null
      InterceptorHolder[10] = null
      InterceptorHolder[11] = class org.apache.cxf.phase.PhaseInterceptorChain$InterceptorHolder@1b9439be
      InterceptorHolder[12] = null
      InterceptorHolder[13] = null
      InterceptorHolder[14] = null
      InterceptorHolder[15] = null
      InterceptorHolder[16] = null
      InterceptorHolder[17] = class org.apache.cxf.phase.PhaseInterceptorChain$InterceptorHolder@62216c9c
      InterceptorHolder[18] = class org.apache.cxf.phase.PhaseInterceptorChain$InterceptorHolder@176000b7
    hasAfters = {false,false,false,false,false,false,false,false,false,false,false,false,false,false,false,false,false,false,false} /* array length = 19 */
    state = class org.apache.cxf.interceptor.InterceptorChain$State@2206c6e4
      PAUSED = class org.apache.cxf.interceptor.InterceptorChain$State@4c952785
      SUSPENDED = class org.apache.cxf.interceptor.InterceptorChain$State@5341b42f
      EXECUTING = class org.apache.cxf.interceptor.InterceptorChain$State@2206c6e4
      COMPLETE = class org.apache.cxf.interceptor.InterceptorChain$State@673df9d5
      ABORTED = class org.apache.cxf.interceptor.InterceptorChain$State@2f249437
      $VALUES = class org.apache.cxf.interceptor.InterceptorChain$State[5]
      name = "/* Could not access name */"
      ordinal = "/* Could not access ordinal */"
    pausedMessage = null
    faultObserver = class org.apache.cxf.interceptor.OutFaultChainInitiatorObserver@147e532f
      LOG = class com.ibm.ws.logging.internal.WsLogger@394acbd3
      bus = class com.ibm.ws.jaxrs20.bus.LibertyApplicationBus@45b49e2f
      loader = null
      $assertionsDisabled = true
    iterator = class org.apache.cxf.phase.PhaseInterceptorChain$PhaseInterceptorIterator@7578f957
      heads = class org.apache.cxf.phase.PhaseInterceptorChain$InterceptorHolder[19]
      prev = class org.apache.cxf.phase.PhaseInterceptorChain$InterceptorHolder@62216c9c
      first = class org.apache.cxf.phase.PhaseInterceptorChain$InterceptorHolder@82f5a28
    isFineLogging = false
    faultOccurred = false
    chainReleased = false
  contents = class java.lang.Object[20]
    Object[0] = class java.lang.Class@1cc41222
      ANNOTATION = "/* Could not access ANNOTATION */"
      ENUM = "/* Could not access ENUM */"
      SYNTHETIC = "/* Could not access SYNTHETIC */"
      cachedConstructor = "/* Could not access cachedConstructor */"
      newInstanceCallerCache = "/* Could not access newInstanceCallerCache */"
      name = "/* Could not access name */"
      module = "/* Could not access module */"
      packageName = "/* Could not access packageName */"
      componentType = "/* Could not access componentType */"
      allPermDomain = "/* Could not access allPermDomain */"
      reflectionData = "/* Could not access reflectionData */"
      classRedefinedCount = "/* Could not access classRedefinedCount */"
      genericInfo = "/* Could not access genericInfo */"
      EMPTY_CLASS_ARRAY = "/* Could not access EMPTY_CLASS_ARRAY */"
      serialVersionUID = "/* Could not access serialVersionUID */"
      serialPersistentFields = "/* Could not access serialPersistentFields */"
      reflectionFactory = "/* Could not access reflectionFactory */"
      enumConstants = "/* Could not access enumConstants */"
      enumConstantDirectory = "/* Could not access enumConstantDirectory */"
      annotationData = "/* Could not access annotationData */"
      annotationType = "/* Could not access annotationType */"
      classValueMap = "/* Could not access classValueMap */"
    Object[1] = class org.apache.cxf.transport.http.AbstractHTTPDestination$1@2c0022a0
      val$exchange = class org.apache.cxf.message.ExchangeImpl@32912376
      val$req = class com.ibm.ws.jaxrs20.server.JaxRsHttpServletRequestAdapter@693e2f61
      this$0 = class org.apache.cxf.transport.servlet.ServletDestination@371087ad
      serialVersionUID = -6647880736313517638
      $$$tc$$$ = class com.ibm.websphere.ras.TraceComponent@3465e73
      cached = false
      in = "/* Could not access in */"
      MAX_SKIP_BUFFER_SIZE = "/* Could not access MAX_SKIP_BUFFER_SIZE */"
      DEFAULT_BUFFER_SIZE = "/* Could not access DEFAULT_BUFFER_SIZE */"
      MAX_BUFFER_SIZE = "/* Could not access MAX_BUFFER_SIZE */"
    Object[2] = class java.lang.Class@279f2327
      ANNOTATION = "/* Could not access ANNOTATION */"
      ENUM = "/* Could not access ENUM */"
      SYNTHETIC = "/* Could not access SYNTHETIC */"
      cachedConstructor = "/* Could not access cachedConstructor */"
      newInstanceCallerCache = "/* Could not access newInstanceCallerCache */"
      name = "/* Could not access name */"
      module = "/* Could not access module */"
      packageName = "/* Could not access packageName */"
      componentType = "/* Could not access componentType */"
      allPermDomain = "/* Could not access allPermDomain */"
      reflectionData = "/* Could not access reflectionData */"
      classRedefinedCount = "/* Could not access classRedefinedCount */"
      genericInfo = "/* Could not access genericInfo */"
      EMPTY_CLASS_ARRAY = "/* Could not access EMPTY_CLASS_ARRAY */"
      serialVersionUID = "/* Could not access serialVersionUID */"
      serialPersistentFields = "/* Could not access serialPersistentFields */"
      reflectionFactory = "/* Could not access reflectionFactory */"
      enumConstants = "/* Could not access enumConstants */"
      enumConstantDirectory = "/* Could not access enumConstantDirectory */"
      annotationData = "/* Could not access annotationData */"
      annotationType = "/* Could not access annotationType */"
      classValueMap = "/* Could not access classValueMap */"
    Object[3] = class org.apache.cxf.transport.http.AbstractHTTPDestination$1@2c0022a0
    Object[4] = class java.lang.Class@7440e464
      ANNOTATION = "/* Could not access ANNOTATION */"
      ENUM = "/* Could not access ENUM */"
      SYNTHETIC = "/* Could not access SYNTHETIC */"
      cachedConstructor = "/* Could not access cachedConstructor */"
      newInstanceCallerCache = "/* Could not access newInstanceCallerCache */"
      name = "/* Could not access name */"
      module = "/* Could not access module */"
      packageName = "/* Could not access packageName */"
      componentType = "/* Could not access componentType */"
      allPermDomain = "/* Could not access allPermDomain */"
      reflectionData = "/* Could not access reflectionData */"
      classRedefinedCount = "/* Could not access classRedefinedCount */"
      genericInfo = "/* Could not access genericInfo */"
      EMPTY_CLASS_ARRAY = "/* Could not access EMPTY_CLASS_ARRAY */"
      serialVersionUID = "/* Could not access serialVersionUID */"
      serialPersistentFields = "/* Could not access serialPersistentFields */"
      reflectionFactory = "/* Could not access reflectionFactory */"
      enumConstants = "/* Could not access enumConstants */"
      enumConstantDirectory = "/* Could not access enumConstantDirectory */"
      annotationData = "/* Could not access annotationData */"
      annotationType = "/* Could not access annotationType */"
      classValueMap = "/* Could not access classValueMap */"
    Object[5] = class java.util.ArrayList@78cca2a2
      serialVersionUID = "/* Could not access serialVersionUID */"
      DEFAULT_CAPACITY = "/* Could not access DEFAULT_CAPACITY */"
      EMPTY_ELEMENTDATA = "/* Could not access EMPTY_ELEMENTDATA */"
      DEFAULTCAPACITY_EMPTY_ELEMENTDATA = "/* Could not access DEFAULTCAPACITY_EMPTY_ELEMENTDATA */"
      elementData = "/* Could not access elementData */"
      size = "/* Could not access size */"
      MAX_ARRAY_SIZE = "/* Could not access MAX_ARRAY_SIZE */"
      modCount = "/* Could not access modCount */"
      MAX_ARRAY_SIZE = "/* Could not access MAX_ARRAY_SIZE */"
    Object[6] = null
    Object[7] = null
    Object[8] = null
    Object[9] = null
    Object[10] = null
    Object[11] = null
    Object[12] = null
    Object[13] = null
    Object[14] = null
    Object[15] = null
    Object[16] = null
    Object[17] = null
    Object[18] = null
    Object[19] = null
  index = 6
  contextCache = class org.apache.cxf.message.MessageImpl$1@615ed978
    serialVersionUID = 7067290677790419348
    this$0 = class org.apache.cxf.message.MessageImpl@40ecd856
    $$$tc$$$ = class com.ibm.websphere.ras.TraceComponent@3d687fa6
      strings[0] = "TraceComponent[org.apache.cxf.message.MessageImpl$1,class org.apache.cxf.message.MessageImpl$1,[],null,null]"
    serialVersionUID = "/* Could not access serialVersionUID */"
    DEFAULT_INITIAL_CAPACITY = "/* Could not access DEFAULT_INITIAL_CAPACITY */"
    MAXIMUM_CAPACITY = "/* Could not access MAXIMUM_CAPACITY */"
    DEFAULT_LOAD_FACTOR = "/* Could not access DEFAULT_LOAD_FACTOR */"
    TREEIFY_THRESHOLD = "/* Could not access TREEIFY_THRESHOLD */"
    UNTREEIFY_THRESHOLD = "/* Could not access UNTREEIFY_THRESHOLD */"
    MIN_TREEIFY_CAPACITY = "/* Could not access MIN_TREEIFY_CAPACITY */"
    table = "/* Could not access table */"
    entrySet = "/* Could not access entrySet */"
    size = "/* Could not access size */"
    modCount = "/* Could not access modCount */"
    threshold = "/* Could not access threshold */"
    loadFactor = "/* Could not access loadFactor */"
    keySet = "/* Could not access keySet */"
    values = "/* Could not access values */"
  $$$tc$$$ = class com.ibm.websphere.ras.TraceComponent@ac1ef49
    strings[0] = "TraceComponent[org.apache.cxf.message.MessageImpl,class org.apache.cxf.message.MessageImpl,[],null,null]"
  serialVersionUID = -4590903451121887
  $$$tc$$$ = class com.ibm.websphere.ras.TraceComponent@33338b9c
    strings[0] = "TraceComponent[org.apache.cxf.message.StringMapImpl,class org.apache.cxf.message.StringMapImpl,[],null,null]"
  serialVersionUID = "/* Could not access serialVersionUID */"
  DEFAULT_INITIAL_CAPACITY = "/* Could not access DEFAULT_INITIAL_CAPACITY */"
  MAXIMUM_CAPACITY = "/* Could not access MAXIMUM_CAPACITY */"
  DEFAULT_LOAD_FACTOR = "/* Could not access DEFAULT_LOAD_FACTOR */"
  TREEIFY_THRESHOLD = "/* Could not access TREEIFY_THRESHOLD */"
  UNTREEIFY_THRESHOLD = "/* Could not access UNTREEIFY_THRESHOLD */"
  MIN_TREEIFY_CAPACITY = "/* Could not access MIN_TREEIFY_CAPACITY */"
  table = "/* Could not access table */"
  entrySet = "/* Could not access entrySet */"
  size = "/* Could not access size */"
  modCount = "/* Could not access modCount */"
  threshold = "/* Could not access threshold */"
  loadFactor = "/* Could not access loadFactor */"
  keySet = "/* Could not access keySet */"
  values = "/* Could not access values */"

