------Start of DE processing------ = [27/04/2021 11:09:16:700 BRT]
Exception = java.lang.IllegalArgumentException
Source = com.ibm.ws.kernel.feature.internal.FeatureManager
probeid = reportErrors
Stack Dump = java.lang.IllegalArgumentException: Unable to load conflicting versions of features "com.ibm.websphere.appserver.jaxrs-2.0" and "com.ibm.websphere.appserver.jaxrs-2.1".  The feature dependency chains that led to the conflict are: com.ibm.websphere.appserver.jaxrs-2.0 and com.ibm.websphere.appserver.microProfile-3.0 -> com.ibm.websphere.appserver.jaxrs-2.1
	at com.ibm.ws.kernel.feature.internal.FeatureManager.reportErrors(FeatureManager.java:1792)
	at com.ibm.ws.kernel.feature.internal.FeatureManager.updateFeatures(FeatureManager.java:1318)
	at com.ibm.ws.kernel.feature.internal.FeatureManager.update(FeatureManager.java:743)
	at com.ibm.ws.kernel.feature.internal.FeatureManager.processFeatureChanges(FeatureManager.java:857)
	at com.ibm.ws.kernel.feature.internal.FeatureManager$1.run(FeatureManager.java:643)
	at com.ibm.ws.threading.internal.ExecutorServiceImpl$RunnableWrapper.run(ExecutorServiceImpl.java:238)
	at java.base/java.util.concurrent.ThreadPoolExecutor.runWorker(ThreadPoolExecutor.java:1128)
	at java.base/java.util.concurrent.ThreadPoolExecutor$Worker.run(ThreadPoolExecutor.java:628)
	at java.base/java.lang.Thread.run(Thread.java:834)

Dump of callerThis
null
Dump of objectArray[0]
Object type = java.lang.String
  String value = "com.ibm.websphere.appserver.jaxrs"

Dump of objectArray[1]
Object type = java.lang.String
  String value = "[ROOT->[com.ibm.websphere.appserver.jaxrs-2.0] 2.0.0, ROOT->com.ibm.websphere.appserver.microProfile-3.0->[com.ibm.websphere.appserver.jaxrs-2.1] 2.1.0]"

